<?xml version="1.0" encoding="UTF-8"?>
<testsuite name="ohtu.verkkokauppa.KauppaTest" tests="8" skipped="0" failures="0" errors="0" timestamp="2020-11-22T10:12:18" hostname="lx8-fuxi017" time="0.842">
  <properties/>
  <testcase name="aloitaAsiointiNollaaOstostenTiedot" classname="ohtu.verkkokauppa.KauppaTest" time="0.815"/>
  <testcase name="ostoksenPaatyttyaPankinMetodiaTilisiirtoKutsutaan" classname="ohtu.verkkokauppa.KauppaTest" time="0.003"/>
  <testcase name="uusiViiteNumeroJokaiselleMaksutapahtumalle" classname="ohtu.verkkokauppa.KauppaTest" time="0.005"/>
  <testcase name="ostoksenPaatyttyaPankinMetodiaTilisiirtoKutsutaanOikeillaArvoilla" classname="ohtu.verkkokauppa.KauppaTest" time="0.003"/>
  <testcase name="kaksiEriTuotettaJoistaToinenLoppu" classname="ohtu.verkkokauppa.KauppaTest" time="0.005"/>
  <testcase name="ostostenPoistaminenKoristaToimii" classname="ohtu.verkkokauppa.KauppaTest" time="0.003"/>
  <testcase name="kaksiSamaaTuotettaOstetaan" classname="ohtu.verkkokauppa.KauppaTest" time="0.003"/>
  <testcase name="kaksiEriTuotettaOstetaan" classname="ohtu.verkkokauppa.KauppaTest" time="0.003"/>
  <system-out><![CDATA[]]></system-out>
  <system-err><![CDATA[]]></system-err>
</testsuite>
